1624819595075	geckodriver	INFO	Listening on 127.0.0.1:64692
1624819598134	mozrunner::runner	INFO	Running command: "C:\\Program Files\\Mozilla Firefox\\firefox.exe" "--marionette" "-foreground" "-no-remote" "-profile" "C:\\Users\\Rati\\AppData\\Local\\Temp\\rust_mozprofileOlSZpf"
1624819598391	Marionette	INFO	Marionette enabled
console.warn: SearchSettings: "get: No settings file exists, new profile?" (new NotFoundError("Could not open the file at C:\\Users\\Rati\\AppData\\Local\\Temp\\rust_mozprofileOlSZpf\\search.json.mozlz4", (void 0)))
1624819599944	Marionette	INFO	Listening on port 64701
1624819600183	Marionette	WARN	TLS certificate errors will be ignored for this session
1624819675134	geckodriver	INFO	Listening on 127.0.0.1:64753
1624819678195	mozrunner::runner	INFO	Running command: "C:\\Program Files\\Mozilla Firefox\\firefox.exe" "--marionette" "-foreground" "-no-remote" "-profile" "C:\\Users\\Rati\\AppData\\Local\\Temp\\rust_mozprofilekCZ2Oq"
1624819678438	Marionette	INFO	Marionette enabled
console.warn: SearchSettings: "get: No settings file exists, new profile?" (new NotFoundError("Could not open the file at C:\\Users\\Rati\\AppData\\Local\\Temp\\rust_mozprofilekCZ2Oq\\search.json.mozlz4", (void 0)))
1624819679995	Marionette	INFO	Listening on port 64761
1624819680249	Marionette	WARN	TLS certificate errors will be ignored for this session
1624819719731	Marionette	INFO	Stopped listening on port 64761

###!!! [Child][RunMessage] Error: Channel closing: too late to send/recv, messages will be lost

1624820250243	geckodriver	INFO	Listening on 127.0.0.1:56171
1624820253308	mozrunner::runner	INFO	Running command: "C:\\Program Files\\Mozilla Firefox\\firefox.exe" "--marionette" "-foreground" "-no-remote" "-profile" "C:\\Users\\Rati\\AppData\\Local\\Temp\\rust_mozprofileMCDOko"
1624820253548	Marionette	INFO	Marionette enabled
console.warn: SearchSettings: "get: No settings file exists, new profile?" (new NotFoundError("Could not open the file at C:\\Users\\Rati\\AppData\\Local\\Temp\\rust_mozprofileMCDOko\\search.json.mozlz4", (void 0)))
1624820255063	Marionette	INFO	Listening on port 56185
1624820255367	Marionette	WARN	TLS certificate errors will be ignored for this session
1624820312896	geckodriver	INFO	Listening on 127.0.0.1:56303
1624820315985	mozrunner::runner	INFO	Running command: "C:\\Program Files\\Mozilla Firefox\\firefox.exe" "--marionette" "-foreground" "-no-remote" "-profile" "C:\\Users\\Rati\\AppData\\Local\\Temp\\rust_mozprofilesbR0w0"
1624820316225	Marionette	INFO	Marionette enabled
console.warn: SearchSettings: "get: No settings file exists, new profile?" (new NotFoundError("Could not open the file at C:\\Users\\Rati\\AppData\\Local\\Temp\\rust_mozprofilesbR0w0\\search.json.mozlz4", (void 0)))
1624820317801	Marionette	INFO	Listening on port 56311
1624820318037	Marionette	WARN	TLS certificate errors will be ignored for this session
1624820329030	Marionette	INFO	Stopped listening on port 56311

###!!! [Child][RunMessage] Error: Channel closing: too late to send/recv, messages will be lost

1624820356368	geckodriver	INFO	Listening on 127.0.0.1:56459
1624820359451	mozrunner::runner	INFO	Running command: "C:\\Program Files\\Mozilla Firefox\\firefox.exe" "--marionette" "-foreground" "-no-remote" "-profile" "C:\\Users\\Rati\\AppData\\Local\\Temp\\rust_mozprofilexx04zr"
1624820359699	Marionette	INFO	Marionette enabled
console.warn: SearchSettings: "get: No settings file exists, new profile?" (new NotFoundError("Could not open the file at C:\\Users\\Rati\\AppData\\Local\\Temp\\rust_mozprofilexx04zr\\search.json.mozlz4", (void 0)))
1624820361331	Marionette	INFO	Listening on port 56468
1624820361513	Marionette	WARN	TLS certificate errors will be ignored for this session
1624820376760	geckodriver	INFO	Listening on 127.0.0.1:56613
1624820379819	mozrunner::runner	INFO	Running command: "C:\\Program Files\\Mozilla Firefox\\firefox.exe" "--marionette" "-foreground" "-no-remote" "-profile" "C:\\Users\\Rati\\AppData\\Local\\Temp\\rust_mozprofileaNx9rK"
1624820380061	Marionette	INFO	Marionette enabled
console.warn: SearchSettings: "get: No settings file exists, new profile?" (new NotFoundError("Could not open the file at C:\\Users\\Rati\\AppData\\Local\\Temp\\rust_mozprofileaNx9rK\\search.json.mozlz4", (void 0)))
1624820381751	Marionette	INFO	Listening on port 56621
1624820381879	Marionette	WARN	TLS certificate errors will be ignored for this session
1624820390446	Marionette	INFO	Stopped listening on port 56621

###!!! [Child][RunMessage] Error: Channel closing: too late to send/recv, messages will be lost

1624821108973	geckodriver	INFO	Listening on 127.0.0.1:56986
1624821112022	mozrunner::runner	INFO	Running command: "C:\\Program Files\\Mozilla Firefox\\firefox.exe" "--marionette" "-foreground" "-no-remote" "-profile" "C:\\Users\\Rati\\AppData\\Local\\Temp\\rust_mozprofileaCwPNr"
1624821112296	Marionette	INFO	Marionette enabled
console.warn: SearchSettings: "get: No settings file exists, new profile?" (new NotFoundError("Could not open the file at C:\\Users\\Rati\\AppData\\Local\\Temp\\rust_mozprofileaCwPNr\\search.json.mozlz4", (void 0)))
1624821113829	Marionette	INFO	Listening on port 56994
1624821114080	Marionette	WARN	TLS certificate errors will be ignored for this session
JavaScript error: , line 0: TypeError: NetworkError when attempting to fetch resource.
1624821128353	Marionette	INFO	Stopped listening on port 56994

###!!! [Child][RunMessage] Error: Channel closing: too late to send/recv, messages will be lost

1624821254315	geckodriver	INFO	Listening on 127.0.0.1:57163
1624821257370	mozrunner::runner	INFO	Running command: "C:\\Program Files\\Mozilla Firefox\\firefox.exe" "--marionette" "-foreground" "-no-remote" "-profile" "C:\\Users\\Rati\\AppData\\Local\\Temp\\rust_mozprofilergmWQd"
1624821257620	Marionette	INFO	Marionette enabled
console.warn: SearchSettings: "get: No settings file exists, new profile?" (new NotFoundError("Could not open the file at C:\\Users\\Rati\\AppData\\Local\\Temp\\rust_mozprofilergmWQd\\search.json.mozlz4", (void 0)))
1624821259288	Marionette	INFO	Listening on port 57172
1624821259446	Marionette	WARN	TLS certificate errors will be ignored for this session
JavaScript error: , line 0: TypeError: NetworkError when attempting to fetch resource.
1624821324760	Marionette	INFO	Stopped listening on port 57172

###!!! [Child][RunMessage] Error: Channel closing: too late to send/recv, messages will be lost

emp\\rust_mozprofileTQKQbX"
1624821304958	Marionette	INFO	Marionette enabled
console.warn: SearchSettings: "get: No settings file exists, new profile?" (new NotFoundError("Could not open the file at C:\\Users\\Rati\\AppData\\Local\\Temp\\rust_mozprofileTQKQbX\\search.json.mozlz4", (void 0)))
1624821306480	Marionette	INFO	Listening on port 57325
1624821306774	Marionette	WARN	TLS certificate errors will be ignored for this session
JavaScript error: , line 0: TypeError: NetworkError when attempting to fetch resource.
1624821314707	Marionette	INFO	Stopped listening on port 57325

###!!! [Child][RunMessage] Error: Channel closing: too late to send/recv, messages will be lost

1624821462053	geckodriver	INFO	Listening on 127.0.0.1:57531
1624821465130	mozrunner::runner	INFO	Running command: "C:\\Program Files\\Mozilla Firefox\\firefox.exe" "--marionette" "-foreground" "-no-remote" "-profile" "C:\\Users\\Rati\\AppData\\Local\\Temp\\rust_mozprofileMpn6pB"
1624821465401	Marionette	INFO	Marionette enabled
console.warn: SearchSettings: "get: No settings file exists, new profile?" (new NotFoundError("Could not open the file at C:\\Users\\Rati\\AppData\\Local\\Temp\\rust_mozprofileMpn6pB\\search.json.mozlz4", (void 0)))
1624821467057	Marionette	INFO	Listening on port 57539
1624821467196	Marionette	WARN	TLS certificate errors will be ignored for this session
1624821474782	Marionette	INFO	Stopped listening on port 57539

###!!! [Child][RunMessage] Error: Channel closing: too late to send/recv, messages will be lost

1624821499557	geckodriver	INFO	Listening on 127.0.0.1:57670
1624821502599	mozrunner::runner	INFO	Running command: "C:\\Program Files\\Mozilla Firefox\\firefox.exe" "--marionette" "-foreground" "-no-remote" "-profile" "C:\\Users\\Rati\\AppData\\Local\\Temp\\rust_mozprofileMFQNct"
1624821502852	Marionette	INFO	Marionette enabled
console.warn: SearchSettings: "get: No settings file exists, new profile?" (new NotFoundError("Could not open the file at C:\\Users\\Rati\\AppData\\Local\\Temp\\rust_mozprofileMFQNct\\search.json.mozlz4", (void 0)))
1624821504288	Marionette	INFO	Listening on port 57678
1624821504657	Marionette	WARN	TLS certificate errors will be ignored for this session
1624821518171	Marionette	INFO	Stopped listening on port 57678

###!!! [Child][RunMessage] Error: Channel closing: too late to send/recv, messages will be lost

1624821617257	geckodriver	INFO	Listening on 127.0.0.1:57831
1624821620327	mozrunner::runner	INFO	Running command: "C:\\Program Files\\Mozilla Firefox\\firefox.exe" "--marionette" "-foreground" "-no-remote" "-profile" "C:\\Users\\Rati\\AppData\\Local\\Temp\\rust_mozprofilePt6qJl"
1624821620591	Marionette	INFO	Marionette enabled
console.warn: SearchSettings: "get: No settings file exists, new profile?" (new NotFoundError("Could not open the file at C:\\Users\\Rati\\AppData\\Local\\Temp\\rust_mozprofilePt6qJl\\search.json.mozlz4", (void 0)))
1624821622037	Marionette	INFO	Listening on port 57839
1624821622373	Marionette	WARN	TLS certificate errors will be ignored for this session
JavaScript error: , line 0: TypeError: NetworkError when attempting to fetch resource.
1624821893044	Marionette	INFO	Stopped listening on port 57839

###!!! [Child][RunMessage] Error: Channel closing: too late to send/recv, messages will be lost

emp\\rust_mozprofileePlBdK"
1624821713183	Marionette	INFO	Marionette enabled
console.warn: SearchSettings: "get: No settings file exists, new profile?" (new NotFoundError("Could not open the file at C:\\Users\\Rati\\AppData\\Local\\Temp\\rust_mozprofileePlBdK\\search.json.mozlz4", (void 0)))
1624821714871	Marionette	INFO	Listening on port 57984
1624821714984	Marionette	WARN	TLS certificate errors will be ignored for this session
1624821731358	geckodriver	INFO	Listening on 127.0.0.1:58109
1624821734394	mozrunner::runner	INFO	Running command: "C:\\Program Files\\Mozilla Firefox\\firefox.exe" "--marionette" "-foreground" "-no-remote" "-profile" "C:\\Users\\Rati\\AppData\\Local\\Temp\\rust_mozprofileKYdlcL"
1624821734652	Marionette	INFO	Marionette enabled
console.warn: SearchSettings: "get: No settings file exists, new profile?" (new NotFoundError("Could not open the file at C:\\Users\\Rati\\AppData\\Local\\Temp\\rust_mozprofileKYdlcL\\search.json.mozlz4", (void 0)))
1624821736377	Marionette	INFO	Listening on port 58117
1624821736462	Marionette	WARN	TLS certificate errors will be ignored for this session
1624821754831	geckodriver	INFO	Listening on 127.0.0.1:58260
1624821757885	mozrunner::runner	INFO	Running command: "C:\\Program Files\\Mozilla Firefox\\firefox.exe" "--marionette" "-foreground" "-no-remote" "-profile" "C:\\Users\\Rati\\AppData\\Local\\Temp\\rust_mozprofileYe6Qhf"
1624821758140	Marionette	INFO	Marionette enabled
console.warn: SearchSettings: "get: No settings file exists, new profile?" (new NotFoundError("Could not open the file at C:\\Users\\Rati\\AppData\\Local\\Temp\\rust_mozprofileYe6Qhf\\search.json.mozlz4", (void 0)))
1624821759631	Marionette	INFO	Listening on port 58268
1624821759935	Marionette	WARN	TLS certificate errors will be ignored for this session
JavaScript error: , line 0: TypeError: NetworkError when attempting to fetch resource.
JavaScript error: , line 0: TypeError: NetworkError when attempting to fetch resource.
1624821892465	Marionette	INFO	Stopped listening on port 58268

###!!! [Child][RunMessage] Error: Channel closing: too late to send/recv, messages will be lost

1624822002320	geckodriver	INFO	Listening on 127.0.0.1:58430
1624822005369	mozrunner::runner	INFO	Running command: "C:\\Program Files\\Mozilla Firefox\\firefox.exe" "--marionette" "-foreground" "-no-remote" "-profile" "C:\\Users\\Rati\\AppData\\Local\\Temp\\rust_mozprofilelR3V37"
1624822005650	Marionette	INFO	Marionette enabled
console.warn: SearchSettings: "get: No settings file exists, new profile?" (new NotFoundError("Could not open the file at C:\\Users\\Rati\\AppData\\Local\\Temp\\rust_mozprofilelR3V37\\search.json.mozlz4", (void 0)))
1624822007359	Marionette	INFO	Listening on port 58440
1624822007427	Marionette	WARN	TLS certificate errors will be ignored for this session
SourceActor threw an exception: [Exception... "Component returned failure code: 0x80470002 (NS_BASE_STREAM_CLOSED) [nsIInputStream.available]"  nsresult: "0x80470002 (NS_BASE_STREAM_CLOSED)"  location: "JS frame :: resource://devtools/shared/DevToolsUtils.js :: onResponse :: line 567"  data: no]
Stack: onResponse@resource://devtools/shared/DevToolsUtils.js:567:34
onStopRequest@resource://gre/modules/NetUtil.jsm:128:18
Line: 567, column: 0
console.error: ({})
JavaScript error: resource://devtools/shared/DevToolsUtils.js, line 567: NS_BASE_STREAM_CLOSED: Component returned failure code: 0x80470002 (NS_BASE_STREAM_CLOSED) [nsIInputStream.available]
JavaScript error: resource://devtools/server/actors/network-monitor/network-event-actor.js, line 108: Error: Got a request https://www.oxfordlearnersdictionaries.com/external/styles/interface.css?version=2.1.32 without a browsingContextID set
JavaScript error: resource://devtools/server/actors/network-monitor/network-event-actor.js, line 108: Error: Got a request https://www.oxfordlearnersdictionaries.com/external/styles/jquery.lightbox-0.5.css?version=2.1.32 without a browsingContextID set
JavaScript error: resource://devtools/server/actors/network-monitor/network-event-actor.js, line 108: Error: Got a request https://www.oxfordlearnersdictionaries.com/external/styles/print.css?version=2.1.32 without a browsingContextID set
JavaScript error: resource://devtools/server/actors/network-monitor/network-event-actor.js, line 108: Error: Got a request https://www.oxfordlearnersdictionaries.com/external/styles/autocomplete.css?version=2.1.32 without a browsingContextID set
JavaScript error: resource://devtools/server/actors/network-monitor/network-event-actor.js, line 108: Error: Got a request https://www.oxfordlearnersdictionaries.com/external/styles/grid.css?version=2.1.32 without a browsingContextID set
JavaScript error: resource://devtools/server/actors/network-monitor/network-event-actor.js, line 108: Error: Got a request https://www.oxfordlearnersdictionaries.com/external/styles/footer.css?version=2.1.32 without a browsingContextID set
JavaScript error: resource://devtools/server/actors/network-monitor/network-event-actor.js, line 108: Error: Got a request https://www.oxfordlearnersdictionaries.com/external/styles/header.css?version=2.1.32 without a browsingContextID set
JavaScript error: resource://devtools/server/actors/network-monitor/network-event-actor.js, line 108: Error: Got a request https://www.oxfordlearnersdictionaries.com/external/styles/mywordlist_entry.css?version=2.1.32 without a browsingContextID set
JavaScript error: resource://devtools/server/actors/network-monitor/network-event-actor.js, line 108: Error: Got a request https://www.oxfordlearnersdictionaries.com/external/styles/oald10.css?version=2.1.32 without a browsingContextID set
JavaScript error: resource://devtools/server/actors/network-monitor/network-event-actor.js, line 108: Error: Got a request https://www.oxfordlearnersdictionaries.com/external/styles/ringlinks.css?version=2.1.32 without a browsingContextID set
JavaScript error: resource://devtools/server/actors/network-monitor/network-event-actor.js, line 108: Error: Got a request https://www.oxfordlearnersdictionaries.com/external/styles/responsive.css?version=2.1.32 without a browsingContextID set
JavaScript error: resource://devtools/server/actors/network-monitor/network-event-actor.js, line 108: Error: Got a request https://fonts.googleapis.com/css?family=Open+Sans:700i without a browsingContextID set
JavaScript error: , line 0: TypeError: NetworkError when attempting to fetch resource.
1624822307735	Marionette	INFO	Stopped listening on port 58440

###!!! [Child][RunMessage] Error: Channel closing: too late to send/recv, messages will be lost

emp\\rust_mozprofileRXZeDt"
1624822094101	Marionette	INFO	Marionette enabled
console.warn: SearchSettings: "get: No settings file exists, new profile?" (new NotFoundError("Could not open the file at C:\\Users\\Rati\\AppData\\Local\\Temp\\rust_mozprofileRXZeDt\\search.json.mozlz4", (void 0)))
1624822095786	Marionette	INFO	Listening on port 58614
1624822095904	Marionette	WARN	TLS certificate errors will be ignored for this session
SourceActor threw an exception: [Exception... "Component returned failure code: 0x80470002 (NS_BASE_STREAM_CLOSED) [nsIInputStream.available]"  nsresult: "0x80470002 (NS_BASE_STREAM_CLOSED)"  location: "JS frame :: resource://devtools/shared/DevToolsUtils.js :: onResponse :: line 567"  data: no]
Stack: onResponse@resource://devtools/shared/DevToolsUtils.js:567:34
onStopRequest@resource://gre/modules/NetUtil.jsm:128:18
Line: 567, column: 0
console.error: ({})
JavaScript error: resource://devtools/shared/DevToolsUtils.js, line 567: NS_BASE_STREAM_CLOSED: Component returned failure code: 0x80470002 (NS_BASE_STREAM_CLOSED) [nsIInputStream.available]
JavaScript error: resource://devtools/server/actors/network-monitor/network-event-actor.js, line 108: Error: Got a request https://www.oxfordlearnersdictionaries.com/external/styles/interface.css?version=2.1.32 without a browsingContextID set
JavaScript error: resource://devtools/server/actors/network-monitor/network-event-actor.js, line 108: Error: Got a request https://www.oxfordlearnersdictionaries.com/external/styles/jquery.lightbox-0.5.css?version=2.1.32 without a browsingContextID set
JavaScript error: resource://devtools/server/actors/network-monitor/network-event-actor.js, line 108: Error: Got a request https://www.oxfordlearnersdictionaries.com/external/styles/print.css?version=2.1.32 without a browsingContextID set
JavaScript error: resource://devtools/server/actors/network-monitor/network-event-actor.js, line 108: Error: Got a request https://www.oxfordlearnersdictionaries.com/external/styles/autocomplete.css?version=2.1.32 without a browsingContextID set
JavaScript error: resource://devtools/server/actors/network-monitor/network-event-actor.js, line 108: Error: Got a request https://www.oxfordlearnersdictionaries.com/external/styles/grid.css?version=2.1.32 without a browsingContextID set
JavaScript error: resource://devtools/server/actors/network-monitor/network-event-actor.js, line 108: Error: Got a request https://www.oxfordlearnersdictionaries.com/external/styles/footer.css?version=2.1.32 without a browsingContextID set
JavaScript error: resource://devtools/server/actors/network-monitor/network-event-actor.js, line 108: Error: Got a request https://www.oxfordlearnersdictionaries.com/external/styles/header.css?version=2.1.32 without a browsingContextID set
JavaScript error: resource://devtools/server/actors/network-monitor/network-event-actor.js, line 108: Error: Got a request https://www.oxfordlearnersdictionaries.com/external/styles/mywordlist_entry.css?version=2.1.32 without a browsingContextID set
JavaScript error: resource://devtools/server/actors/network-monitor/network-event-actor.js, line 108: Error: Got a request https://www.oxfordlearnersdictionaries.com/external/styles/oald10.css?version=2.1.32 without a browsingContextID set
JavaScript error: resource://devtools/server/actors/network-monitor/network-event-actor.js, line 108: Error: Got a request https://www.oxfordlearnersdictionaries.com/external/styles/ringlinks.css?version=2.1.32 without a browsingContextID set
JavaScript error: resource://devtools/server/actors/network-monitor/network-event-actor.js, line 108: Error: Got a request https://www.oxfordlearnersdictionaries.com/external/styles/responsive.css?version=2.1.32 without a browsingContextID set
JavaScript error: resource://devtools/server/actors/network-monitor/network-event-actor.js, line 108: Error: Got a request https://fonts.googleapis.com/css?family=Open+Sans:700i without a browsingContextID set
JavaScript error: , line 0: TypeError: NetworkError when attempting to fetch resource.
1624822181407	Marionette	INFO	Stopped listening on port 58614

###!!! [Child][RunMessage] Error: Channel closing: too late to send/recv, messages will be lost

1624822250627	geckodriver	INFO	Listening on 127.0.0.1:58769
1624822253689	mozrunner::runner	INFO	Running command: "C:\\Program Files\\Mozilla Firefox\\firefox.exe" "--marionette" "-foreground" "-no-remote" "-profile" "C:\\Users\\Rati\\AppData\\Local\\Temp\\rust_mozprofileUfPzJl"
1624822253953	Marionette	INFO	Marionette enabled
console.warn: SearchSettings: "get: No settings file exists, new profile?" (new NotFoundError("Could not open the file at C:\\Users\\Rati\\AppData\\Local\\Temp\\rust_mozprofileUfPzJl\\search.json.mozlz4", (void 0)))
1624822255633	Marionette	INFO	Listening on port 58777
1624822255740	Marionette	WARN	TLS certificate errors will be ignored for this session
SourceActor threw an exception: [Exception... "Component returned failure code: 0x80470002 (NS_BASE_STREAM_CLOSED) [nsIInputStream.available]"  nsresult: "0x80470002 (NS_BASE_STREAM_CLOSED)"  location: "JS frame :: resource://devtools/shared/DevToolsUtils.js :: onResponse :: line 567"  data: no]
Stack: onResponse@resource://devtools/shared/DevToolsUtils.js:567:34
onStopRequest@resource://gre/modules/NetUtil.jsm:128:18
Line: 567, column: 0
console.error: ({})
JavaScript error: resource://devtools/shared/DevToolsUtils.js, line 567: NS_BASE_STREAM_CLOSED: Component returned failure code: 0x80470002 (NS_BASE_STREAM_CLOSED) [nsIInputStream.available]
JavaScript error: resource://devtools/server/actors/network-monitor/network-event-actor.js, line 108: Error: Got a request https://www.oxfordlearnersdictionaries.com/external/styles/interface.css?version=2.1.32 without a browsingContextID set
JavaScript error: resource://devtools/server/actors/network-monitor/network-event-actor.js, line 108: Error: Got a request https://www.oxfordlearnersdictionaries.com/external/styles/jquery.lightbox-0.5.css?version=2.1.32 without a browsingContextID set
JavaScript error: resource://devtools/server/actors/network-monitor/network-event-actor.js, line 108: Error: Got a request https://www.oxfordlearnersdictionaries.com/external/styles/print.css?version=2.1.32 without a browsingContextID set
JavaScript error: resource://devtools/server/actors/network-monitor/network-event-actor.js, line 108: Error: Got a request https://www.oxfordlearnersdictionaries.com/external/styles/autocomplete.css?version=2.1.32 without a browsingContextID set
JavaScript error: resource://devtools/server/actors/network-monitor/network-event-actor.js, line 108: Error: Got a request https://www.oxfordlearnersdictionaries.com/external/styles/grid.css?version=2.1.32 without a browsingContextID set
JavaScript error: resource://devtools/server/actors/network-monitor/network-event-actor.js, line 108: Error: Got a request https://www.oxfordlearnersdictionaries.com/external/styles/footer.css?version=2.1.32 without a browsingContextID set
JavaScript error: resource://devtools/server/actors/network-monitor/network-event-actor.js, line 108: Error: Got a request https://www.oxfordlearnersdictionaries.com/external/styles/header.css?version=2.1.32 without a browsingContextID set
JavaScript error: resource://devtools/server/actors/network-monitor/network-event-actor.js, line 108: Error: Got a request https://www.oxfordlearnersdictionaries.com/external/styles/mywordlist_entry.css?version=2.1.32 without a browsingContextID set
JavaScript error: resource://devtools/server/actors/network-monitor/network-event-actor.js, line 108: Error: Got a request https://www.oxfordlearnersdictionaries.com/external/styles/oald10.css?version=2.1.32 without a browsingContextID set
JavaScript error: resource://devtools/server/actors/network-monitor/network-event-actor.js, line 108: Error: Got a request https://www.oxfordlearnersdictionaries.com/external/styles/ringlinks.css?version=2.1.32 without a browsingContextID set
JavaScript error: resource://devtools/server/actors/network-monitor/network-event-actor.js, line 108: Error: Got a request https://www.oxfordlearnersdictionaries.com/external/styles/responsive.css?version=2.1.32 without a browsingContextID set
JavaScript error: resource://devtools/server/actors/network-monitor/network-event-actor.js, line 108: Error: Got a request https://fonts.googleapis.com/css?family=Open+Sans:700i without a browsingContextID set
1624822580204	geckodriver	INFO	Listening on 127.0.0.1:58964
1624822583269	mozrunner::runner	INFO	Running command: "C:\\Program Files\\Mozilla Firefox\\firefox.exe" "--marionette" "-foreground" "-no-remote" "-profile" "C:\\Users\\Rati\\AppData\\Local\\Temp\\rust_mozprofilepaCZy2"
1624822583532	Marionette	INFO	Marionette enabled
console.warn: SearchSettings: "get: No settings file exists, new profile?" (new NotFoundError("Could not open the file at C:\\Users\\Rati\\AppData\\Local\\Temp\\rust_mozprofilepaCZy2\\search.json.mozlz4", (void 0)))
1624822585279	Marionette	INFO	Listening on port 58973
1624822585326	Marionette	WARN	TLS certificate errors will be ignored for this session
JavaScript error: , line 0: TypeError: NetworkError when attempting to fetch resource.
1624822629864	Marionette	INFO	Stopped listening on port 58973

###!!! [Child][RunMessage] Error: Channel closing: too late to send/recv, messages will be lost

1624822840269	geckodriver	INFO	Listening on 127.0.0.1:59132
1624822843311	mozrunner::runner	INFO	Running command: "C:\\Program Files\\Mozilla Firefox\\firefox.exe" "--marionette" "-headless" "-foreground" "-no-remote" "-profile" "C:\\Users\\Rati\\AppData\\Local\\Temp\\rust_mozprofilejVvgtW"
*** You are running in headless mode.
1624822843561	Marionette	INFO	Marionette enabled
console.warn: SearchSettings: "get: No settings file exists, new profile?" (new NotFoundError("Could not open the file at C:\\Users\\Rati\\AppData\\Local\\Temp\\rust_mozprofilejVvgtW\\search.json.mozlz4", (void 0)))
1624822844386	Marionette	INFO	Listening on port 59140
1624822844863	Marionette	WARN	TLS certificate errors will be ignored for this session
1624822849080	Marionette	WARN	Ignoring event 'pageshow' because document has an invalid readyState of 'interactive'.
JavaScript warning: https://pagead2.googlesyndication.com/bg/yXHsSCk3YzWUbRvqoZHyxkpI6JVLQi3qNywtkCkXe5s.js line 1 > eval line 6960 > eval, line 1: Failed to create WebGL context: WebGL creation failed: 
* Can't use WebGL in headless mode (https://bugzil.la/1375585). ()
console.log: WebExtensions: reset-default-search: starting.
console.log: WebExtensions: reset-default-search: No addons in our list are installed.
JavaScript error: , line 0: NS_ERROR_NOT_AVAILABLE
nd" "-no-remote" "-profile" "C:\\Users\\Rati\\AppData\\Local\\Temp\\rust_mozprofileyCfY4C"
*** You are running in headless mode.
1624822977246	Marionette	INFO	Marionette enabled
console.warn: SearchSettings: "get: No settings file exists, new profile?" (new NotFoundError("Could not open the file at C:\\Users\\Rati\\AppData\\Local\\Temp\\rust_mozprofileyCfY4C\\search.json.mozlz4", (void 0)))
1624822977990	Marionette	INFO	Listening on port 59306
1624822978021	Marionette	WARN	TLS certificate errors will be ignored for this session
JavaScript warning: https://pagead2.googlesyndication.com/bg/yXHsSCk3YzWUbRvqoZHyxkpI6JVLQi3qNywtkCkXe5s.js line 1 > eval line 6549 > eval, line 1: Failed to create WebGL context: WebGL creation failed: 
* Can't use WebGL in headless mode (https://bugzil.la/1375585). ()
console.log: WebExtensions: reset-default-search: starting.
console.log: WebExtensions: reset-default-search: No addons in our list are installed.
JavaScript error: , line 0: NS_ERROR_NOT_AVAILABLE
1624823889729	geckodriver	INFO	Listening on 127.0.0.1:56875
1624823892791	mozrunner::runner	INFO	Running command: "C:\\Program Files\\Mozilla Firefox\\firefox.exe" "--marionette" "-headless" "-foreground" "-no-remote" "-profile" "C:\\Users\\Rati\\AppData\\Local\\Temp\\rust_mozprofilewpi04e"
*** You are running in headless mode.
1624823893046	Marionette	INFO	Marionette enabled
console.warn: SearchSettings: "get: No settings file exists, new profile?" (new NotFoundError("Could not open the file at C:\\Users\\Rati\\AppData\\Local\\Temp\\rust_mozprofilewpi04e\\search.json.mozlz4", (void 0)))
1624823893926	Marionette	INFO	Listening on port 56887
1624823894341	Marionette	WARN	TLS certificate errors will be ignored for this session
JavaScript warning: https://pagead2.googlesyndication.com/bg/yXHsSCk3YzWUbRvqoZHyxkpI6JVLQi3qNywtkCkXe5s.js line 1 > eval line 3893 > eval, line 1: Failed to create WebGL context: WebGL creation failed: 
* Can't use WebGL in headless mode (https://bugzil.la/1375585). ()
console.log: WebExtensions: reset-default-search: starting.
console.log: WebExtensions: reset-default-search: No addons in our list are installed.
JavaScript error: , line 0: NS_ERROR_NOT_AVAILABLE
nd" "-no-remote" "-profile" "C:\\Users\\Rati\\AppData\\Local\\Temp\\rust_mozprofileZxDxW4"
*** You are running in headless mode.
1624823946731	Marionette	INFO	Marionette enabled
console.warn: SearchSettings: "get: No settings file exists, new profile?" (new NotFoundError("Could not open the file at C:\\Users\\Rati\\AppData\\Local\\Temp\\rust_mozprofileZxDxW4\\search.json.mozlz4", (void 0)))
1624823947621	Marionette	INFO	Listening on port 57041
1624823948019	Marionette	WARN	TLS certificate errors will be ignored for this session
JavaScript warning: https://pagead2.googlesyndication.com/bg/yXHsSCk3YzWUbRvqoZHyxkpI6JVLQi3qNywtkCkXe5s.js line 1 > eval line 5691 > eval line 1 > eval, line 1: Failed to create WebGL context: WebGL creation failed: 
* Can't use WebGL in headless mode (https://bugzil.la/1375585). ()
1624824382680	geckodriver	INFO	Listening on 127.0.0.1:57213
1624824385737	mozrunner::runner	INFO	Running command: "C:\\Program Files\\Mozilla Firefox\\firefox.exe" "--marionette" "-headless" "-foreground" "-no-remote" "-profile" "C:\\Users\\Rati\\AppData\\Local\\Temp\\rust_mozprofilexkbs8g"
*** You are running in headless mode.
1624824386003	Marionette	INFO	Marionette enabled
console.warn: SearchSettings: "get: No settings file exists, new profile?" (new NotFoundError("Could not open the file at C:\\Users\\Rati\\AppData\\Local\\Temp\\rust_mozprofilexkbs8g\\search.json.mozlz4", (void 0)))
1624824386852	Marionette	INFO	Listening on port 57221
1624824387294	Marionette	WARN	TLS certificate errors will be ignored for this session
JavaScript warning: https://pagead2.googlesyndication.com/bg/yXHsSCk3YzWUbRvqoZHyxkpI6JVLQi3qNywtkCkXe5s.js line 1 > eval line 3174 > eval line 1 > eval, line 1: Failed to create WebGL context: WebGL creation failed: 
* Can't use WebGL in headless mode (https://bugzil.la/1375585). ()
1624824472423	geckodriver	INFO	Listening on 127.0.0.1:57386
1624824475498	mozrunner::runner	INFO	Running command: "C:\\Program Files\\Mozilla Firefox\\firefox.exe" "--marionette" "-headless" "-foreground" "-no-remote" "-profile" "C:\\Users\\Rati\\AppData\\Local\\Temp\\rust_mozprofile5nL5zO"
*** You are running in headless mode.
1624824475753	Marionette	INFO	Marionette enabled
console.warn: SearchSettings: "get: No settings file exists, new profile?" (new NotFoundError("Could not open the file at C:\\Users\\Rati\\AppData\\Local\\Temp\\rust_mozprofile5nL5zO\\search.json.mozlz4", (void 0)))
1624824476562	Marionette	INFO	Listening on port 57396
1624824477048	Marionette	WARN	TLS certificate errors will be ignored for this session
JavaScript warning: https://pagead2.googlesyndication.com/bg/yXHsSCk3YzWUbRvqoZHyxkpI6JVLQi3qNywtkCkXe5s.js line 1 > eval line 2197 > eval, line 1: Failed to create WebGL context: WebGL creation failed: 
* Can't use WebGL in headless mode (https://bugzil.la/1375585). ()
1624824691570	geckodriver	INFO	Listening on 127.0.0.1:57548
1624824694643	mozrunner::runner	INFO	Running command: "C:\\Program Files\\Mozilla Firefox\\firefox.exe" "--marionette" "-headless" "-foreground" "-no-remote" "-profile" "C:\\Users\\Rati\\AppData\\Local\\Temp\\rust_mozprofileD6h5QE"
*** You are running in headless mode.
1624824694899	Marionette	INFO	Marionette enabled
console.warn: SearchSettings: "get: No settings file exists, new profile?" (new NotFoundError("Could not open the file at C:\\Users\\Rati\\AppData\\Local\\Temp\\rust_mozprofileD6h5QE\\search.json.mozlz4", (void 0)))
1624824695737	Marionette	INFO	Listening on port 57556
1624824696185	Marionette	WARN	TLS certificate errors will be ignored for this session
JavaScript warning: https://pagead2.googlesyndication.com/bg/yXHsSCk3YzWUbRvqoZHyxkpI6JVLQi3qNywtkCkXe5s.js line 1 > eval line 3525 > eval line 1 > eval, line 1: Failed to create WebGL context: WebGL creation failed: 
* Can't use WebGL in headless mode (https://bugzil.la/1375585). ()
console.log: WebExtensions: reset-default-search: starting.
console.log: WebExtensions: reset-default-search: No addons in our list are installed.
JavaScript error: , line 0: NS_ERROR_NOT_AVAILABLE
nd" "-no-remote" "-profile" "C:\\Users\\Rati\\AppData\\Local\\Temp\\rust_mozprofileuwGKL9"
*** You are running in headless mode.
1624825196238	Marionette	INFO	Marionette enabled
console.warn: SearchSettings: "get: No settings file exists, new profile?" (new NotFoundError("Could not open the file at C:\\Users\\Rati\\AppData\\Local\\Temp\\rust_mozprofileuwGKL9\\search.json.mozlz4", (void 0)))
1624825197042	Marionette	INFO	Listening on port 57905
1624825197541	Marionette	WARN	TLS certificate errors will be ignored for this session
JavaScript warning: https://pagead2.googlesyndication.com/bg/yXHsSCk3YzWUbRvqoZHyxkpI6JVLQi3qNywtkCkXe5s.js line 1 > eval line 6019 > eval, line 1: Failed to create WebGL context: WebGL creation failed: 
* Can't use WebGL in headless mode (https://bugzil.la/1375585). ()
1624825395113	geckodriver	INFO	Listening on 127.0.0.1:58111
1624825398181	mozrunner::runner	INFO	Running command: "C:\\Program Files\\Mozilla Firefox\\firefox.exe" "--marionette" "-headless" "-foreground" "-no-remote" "-profile" "C:\\Users\\Rati\\AppData\\Local\\Temp\\rust_mozprofileSckxj9"
*** You are running in headless mode.
1624825398437	Marionette	INFO	Marionette enabled
console.warn: SearchSettings: "get: No settings file exists, new profile?" (new NotFoundError("Could not open the file at C:\\Users\\Rati\\AppData\\Local\\Temp\\rust_mozprofileSckxj9\\search.json.mozlz4", (void 0)))
1624825399150	Marionette	INFO	Listening on port 58119
1624825399229	Marionette	WARN	TLS certificate errors will be ignored for this session
JavaScript warning: https://pagead2.googlesyndication.com/bg/yXHsSCk3YzWUbRvqoZHyxkpI6JVLQi3qNywtkCkXe5s.js line 1 > eval line 4650 > eval, line 1: Failed to create WebGL context: WebGL creation failed: 
* Can't use WebGL in headless mode (https://bugzil.la/1375585). ()
JavaScript warning: https://pagead2.googlesyndication.com/bg/yXHsSCk3YzWUbRvqoZHyxkpI6JVLQi3qNywtkCkXe5s.js line 1 > eval line 6904 > eval line 1 > eval, line 1: Failed to create WebGL context: WebGL creation failed: 
* Can't use WebGL in headless mode (https://bugzil.la/1375585). ()
JavaScript warning: https://pagead2.googlesyndication.com/bg/yXHsSCk3YzWUbRvqoZHyxkpI6JVLQi3qNywtkCkXe5s.js line 1 > eval line 2858 > eval, line 1: Failed to create WebGL context: WebGL creation failed: 
* Can't use WebGL in headless mode (https://bugzil.la/1375585). ()
1624825698056	geckodriver	INFO	Listening on 127.0.0.1:58437
1624825701093	mozrunner::runner	INFO	Running command: "C:\\Program Files\\Mozilla Firefox\\firefox.exe" "--marionette" "-headless" "-foreground" "-no-remote" "-profile" "C:\\Users\\Rati\\AppData\\Local\\Temp\\rust_mozprofileJmgwte"
*** You are running in headless mode.
1624825701360	Marionette	INFO	Marionette enabled
console.warn: SearchSettings: "get: No settings file exists, new profile?" (new NotFoundError("Could not open the file at C:\\Users\\Rati\\AppData\\Local\\Temp\\rust_mozprofileJmgwte\\search.json.mozlz4", (void 0)))
1624825702159	Marionette	INFO	Listening on port 58446
1624825702638	Marionette	WARN	TLS certificate errors will be ignored for this session
JavaScript warning: https://pagead2.googlesyndication.com/bg/yXHsSCk3YzWUbRvqoZHyxkpI6JVLQi3qNywtkCkXe5s.js line 1 > eval line 4277 > eval, line 1: Failed to create WebGL context: WebGL creation failed: 
* Can't use WebGL in headless mode (https://bugzil.la/1375585). ()
1624825793622	geckodriver	INFO	Listening on 127.0.0.1:58604
1624825796680	mozrunner::runner	INFO	Running command: "C:\\Program Files\\Mozilla Firefox\\firefox.exe" "--marionette" "-headless" "-foreground" "-no-remote" "-profile" "C:\\Users\\Rati\\AppData\\Local\\Temp\\rust_mozprofileYLCCKy"
*** You are running in headless mode.
1624825796938	Marionette	INFO	Marionette enabled
console.warn: SearchSettings: "get: No settings file exists, new profile?" (new NotFoundError("Could not open the file at C:\\Users\\Rati\\AppData\\Local\\Temp\\rust_mozprofileYLCCKy\\search.json.mozlz4", (void 0)))
1624825797613	Marionette	INFO	Listening on port 58612
1624825797737	Marionette	WARN	TLS certificate errors will be ignored for this session
JavaScript warning: https://pagead2.googlesyndication.com/bg/yXHsSCk3YzWUbRvqoZHyxkpI6JVLQi3qNywtkCkXe5s.js line 1 > eval line 6338 > eval line 1 > eval, line 1: Failed to create WebGL context: WebGL creation failed: 
* Can't use WebGL in headless mode (https://bugzil.la/1375585). ()
JavaScript warning: https://pagead2.googlesyndication.com/bg/yXHsSCk3YzWUbRvqoZHyxkpI6JVLQi3qNywtkCkXe5s.js line 1 > eval line 6575 > eval, line 1: Failed to create WebGL context: WebGL creation failed: 
* Can't use WebGL in headless mode (https://bugzil.la/1375585). ()
JavaScript warning: https://pagead2.googlesyndication.com/bg/yXHsSCk3YzWUbRvqoZHyxkpI6JVLQi3qNywtkCkXe5s.js line 1 > eval line 4422 > eval, line 1: Failed to create WebGL context: WebGL creation failed: 
* Can't use WebGL in headless mode (https://bugzil.la/1375585). ()
1624825889695	geckodriver	INFO	Listening on 127.0.0.1:58772
1624825892772	mozrunner::runner	INFO	Running command: "C:\\Program Files\\Mozilla Firefox\\firefox.exe" "--marionette" "-headless" "-foreground" "-no-remote" "-profile" "C:\\Users\\Rati\\AppData\\Local\\Temp\\rust_mozprofile4PWJmv"
*** You are running in headless mode.
1624825893035	Marionette	INFO	Marionette enabled
console.warn: SearchSettings: "get: No settings file exists, new profile?" (new NotFoundError("Could not open the file at C:\\Users\\Rati\\AppData\\Local\\Temp\\rust_mozprofile4PWJmv\\search.json.mozlz4", (void 0)))
1624825893717	Marionette	INFO	Listening on port 58783
1624825893817	Marionette	WARN	TLS certificate errors will be ignored for this session
JavaScript warning: https://pagead2.googlesyndication.com/bg/yXHsSCk3YzWUbRvqoZHyxkpI6JVLQi3qNywtkCkXe5s.js line 1 > eval line 4469 > eval line 1 > eval, line 1: Failed to create WebGL context: WebGL creation failed: 
* Can't use WebGL in headless mode (https://bugzil.la/1375585). ()
1624826176671	geckodriver	INFO	Listening on 127.0.0.1:58972
1624826179726	mozrunner::runner	INFO	Running command: "C:\\Program Files\\Mozilla Firefox\\firefox.exe" "--marionette" "-headless" "-foreground" "-no-remote" "-profile" "C:\\Users\\Rati\\AppData\\Local\\Temp\\rust_mozprofilehr8WPz"
*** You are running in headless mode.
1624826179979	Marionette	INFO	Marionette enabled
console.warn: SearchSettings: "get: No settings file exists, new profile?" (new NotFoundError("Could not open the file at C:\\Users\\Rati\\AppData\\Local\\Temp\\rust_mozprofilehr8WPz\\search.json.mozlz4", (void 0)))
1624826180769	Marionette	INFO	Listening on port 58981
1624826181272	Marionette	WARN	TLS certificate errors will be ignored for this session
JavaScript warning: https://pagead2.googlesyndication.com/bg/yXHsSCk3YzWUbRvqoZHyxkpI6JVLQi3qNywtkCkXe5s.js line 1 > eval line 3201 > eval, line 1: Failed to create WebGL context: WebGL creation failed: 
* Can't use WebGL in headless mode (https://bugzil.la/1375585). ()
JavaScript warning: https://pagead2.googlesyndication.com/bg/yXHsSCk3YzWUbRvqoZHyxkpI6JVLQi3qNywtkCkXe5s.js line 1 > eval line 6112 > eval, line 1: Failed to create WebGL context: WebGL creation failed: 
* Can't use WebGL in headless mode (https://bugzil.la/1375585). ()
JavaScript warning: https://pagead2.googlesyndication.com/bg/yXHsSCk3YzWUbRvqoZHyxkpI6JVLQi3qNywtkCkXe5s.js line 1 > eval line 5140 > eval line 1 > eval, line 1: Failed to create WebGL context: WebGL creation failed: 
* Can't use WebGL in headless mode (https://bugzil.la/1375585). ()
console.log: WebExtensions: reset-default-search: starting.
console.log: WebExtensions: reset-default-search: No addons in our list are installed.
JavaScript error: , line 0: NS_ERROR_NOT_AVAILABLE
nd" "-no-remote" "-profile" "C:\\Users\\Rati\\AppData\\Local\\Temp\\rust_mozprofilepv3hTR"
*** You are running in headless mode.
1624826286296	Marionette	INFO	Marionette enabled
console.warn: SearchSettings: "get: No settings file exists, new profile?" (new NotFoundError("Could not open the file at C:\\Users\\Rati\\AppData\\Local\\Temp\\rust_mozprofilepv3hTR\\search.json.mozlz4", (void 0)))
1624826287138	Marionette	INFO	Listening on port 59158
1624826287580	Marionette	WARN	TLS certificate errors will be ignored for this session
console.log: WebExtensions: reset-default-search: starting.
console.log: WebExtensions: reset-default-search: No addons in our list are installed.
JavaScript error: , line 0: NS_ERROR_NOT_AVAILABLE
nd" "-no-remote" "-profile" "C:\\Users\\Rati\\AppData\\Local\\Temp\\rust_mozprofileBXKTc8"
*** You are running in headless mode.
1624826373395	Marionette	INFO	Marionette enabled
console.warn: SearchSettings: "get: No settings file exists, new profile?" (new NotFoundError("Could not open the file at C:\\Users\\Rati\\AppData\\Local\\Temp\\rust_mozprofileBXKTc8\\search.json.mozlz4", (void 0)))
1624826374292	Marionette	INFO	Listening on port 59258
1624826374673	Marionette	WARN	TLS certificate errors will be ignored for this session
1624826463240	geckodriver	INFO	Listening on 127.0.0.1:59356
1624826466266	mozrunner::runner	INFO	Running command: "C:\\Program Files\\Mozilla Firefox\\firefox.exe" "--marionette" "-headless" "-foreground" "-no-remote" "-profile" "C:\\Users\\Rati\\AppData\\Local\\Temp\\rust_mozprofileLCQwcI"
*** You are running in headless mode.
1624826466533	Marionette	INFO	Marionette enabled
console.warn: SearchSettings: "get: No settings file exists, new profile?" (new NotFoundError("Could not open the file at C:\\Users\\Rati\\AppData\\Local\\Temp\\rust_mozprofileLCQwcI\\search.json.mozlz4", (void 0)))
1624826467337	Marionette	INFO	Listening on port 59364
1624826467815	Marionette	WARN	TLS certificate errors will be ignored for this session
1624826671881	geckodriver	INFO	Listening on 127.0.0.1:59456
1624826674920	mozrunner::runner	INFO	Running command: "C:\\Program Files\\Mozilla Firefox\\firefox.exe" "--marionette" "-headless" "-foreground" "-no-remote" "-profile" "C:\\Users\\Rati\\AppData\\Local\\Temp\\rust_mozprofile1Bw1Iv"
*** You are running in headless mode.
1624826675201	Marionette	INFO	Marionette enabled
console.warn: SearchSettings: "get: No settings file exists, new profile?" (new NotFoundError("Could not open the file at C:\\Users\\Rati\\AppData\\Local\\Temp\\rust_mozprofile1Bw1Iv\\search.json.mozlz4", (void 0)))
1624826676050	Marionette	INFO	Listening on port 59464
1624826676483	Marionette	WARN	TLS certificate errors will be ignored for this session
console.log: WebExtensions: reset-default-search: starting.
console.log: WebExtensions: reset-default-search: No addons in our list are installed.
\\firefox.exe" "--marionette" "-headless" "-foreground" "-no-remote" "-profile" "C:\\Users\\Rati\\AppData\\Local\\Temp\\rust_mozprofileF0oraW"
*** You are running in headless mode.
1624826932310	Marionette	INFO	Marionette enabled
console.warn: SearchSettings: "get: No settings file exists, new profile?" (new NotFoundError("Could not open the file at C:\\Users\\Rati\\AppData\\Local\\Temp\\rust_mozprofileF0oraW\\search.json.mozlz4", (void 0)))
1624826933194	Marionette	INFO	Listening on port 59604
1624826933614	Marionette	WARN	TLS certificate errors will be ignored for this session
JavaScript warning: https://pagead2.googlesyndication.com/bg/yXHsSCk3YzWUbRvqoZHyxkpI6JVLQi3qNywtkCkXe5s.js line 1 > eval line 155 > eval line 1 > eval, line 1: Failed to create WebGL context: WebGL creation failed: 
* Can't use WebGL in headless mode (https://bugzil.la/1375585). ()
JavaScript warning: https://pagead2.googlesyndication.com/bg/yXHsSCk3YzWUbRvqoZHyxkpI6JVLQi3qNywtkCkXe5s.js line 1 > eval line 4003 > eval, line 1: Failed to create WebGL context: WebGL creation failed: 
* Can't use WebGL in headless mode (https://bugzil.la/1375585). ()
JavaScript warning: https://pagead2.googlesyndication.com/bg/yXHsSCk3YzWUbRvqoZHyxkpI6JVLQi3qNywtkCkXe5s.js line 1 > eval line 5307 > eval line 1 > eval, line 1: Failed to create WebGL context: WebGL creation failed: 
* Can't use WebGL in headless mode (https://bugzil.la/1375585). ()
1624827005743	geckodriver	INFO	Listening on 127.0.0.1:59750
1624827008789	mozrunner::runner	INFO	Running command: "C:\\Program Files\\Mozilla Firefox\\firefox.exe" "--marionette" "-headless" "-foreground" "-no-remote" "-profile" "C:\\Users\\Rati\\AppData\\Local\\Temp\\rust_mozprofilemNhSyx"
*** You are running in headless mode.
1624827009051	Marionette	INFO	Marionette enabled
console.warn: SearchSettings: "get: No settings file exists, new profile?" (new NotFoundError("Could not open the file at C:\\Users\\Rati\\AppData\\Local\\Temp\\rust_mozprofilemNhSyx\\search.json.mozlz4", (void 0)))
1624827009853	Marionette	INFO	Listening on port 59758
1624827010339	Marionette	WARN	TLS certificate errors will be ignored for this session
JavaScript warning: https://pagead2.googlesyndication.com/bg/yXHsSCk3YzWUbRvqoZHyxkpI6JVLQi3qNywtkCkXe5s.js line 1 > eval line 4378 > eval line 1 > eval, line 1: Failed to create WebGL context: WebGL creation failed: 
* Can't use WebGL in headless mode (https://bugzil.la/1375585). ()
